0 info it worked if it ends with ok
1 verbose cli [ '/Users/shahram/.nvm/versions/node/v6.11.4/bin/node',
1 verbose cli   '/Users/shahram/.nvm/versions/node/v6.11.4/bin/npm',
1 verbose cli   'run',
1 verbose cli   'eject' ]
2 info using npm@3.10.10
3 info using node@v6.11.4
4 verbose run-script [ 'preeject', 'eject', 'posteject' ]
5 info lifecycle react-complete-guide@0.1.0~preeject: react-complete-guide@0.1.0
6 silly lifecycle react-complete-guide@0.1.0~preeject: no script for preeject, continuing
7 info lifecycle react-complete-guide@0.1.0~eject: react-complete-guide@0.1.0
8 verbose lifecycle react-complete-guide@0.1.0~eject: unsafe-perm in lifecycle true
9 verbose lifecycle react-complete-guide@0.1.0~eject: PATH: /Users/shahram/.nvm/versions/node/v6.11.4/lib/node_modules/npm/bin/node-gyp-bin:/Users/shahram/Repositories/Udemy-Courses/React16/code-along/section4/node_modules/.bin:/Users/shahram/.nvm/versions/node/v6.11.4/bin:/Library/Frameworks/Python.framework/Versions/3.6/bin:/usr/local/bin:/usr/bin:/bin:/usr/sbin:/sbin:/Library/Frameworks/Python.framework/Versions/3.6/bin:/Applications/Postgres.app/Contents/Versions/9.6/bin:./node_modules/.bin:/Applications/Postgres.app/Contents/Versions/9.6/bin:./node_modules/.bin
10 verbose lifecycle react-complete-guide@0.1.0~eject: CWD: /Users/shahram/Repositories/Udemy-Courses/React16/code-along/section4
11 silly lifecycle react-complete-guide@0.1.0~eject: Args: [ '-c', 'react-scripts eject' ]
12 silly lifecycle react-complete-guide@0.1.0~eject: Returned: code: 1  signal: null
13 info lifecycle react-complete-guide@0.1.0~eject: Failed to exec eject script
14 verbose stack Error: react-complete-guide@0.1.0 eject: `react-scripts eject`
14 verbose stack Exit status 1
14 verbose stack     at EventEmitter.<anonymous> (/Users/shahram/.nvm/versions/node/v6.11.4/lib/node_modules/npm/lib/utils/lifecycle.js:255:16)
14 verbose stack     at emitTwo (events.js:106:13)
14 verbose stack     at EventEmitter.emit (events.js:191:7)
14 verbose stack     at ChildProcess.<anonymous> (/Users/shahram/.nvm/versions/node/v6.11.4/lib/node_modules/npm/lib/utils/spawn.js:40:14)
14 verbose stack     at emitTwo (events.js:106:13)
14 verbose stack     at ChildProcess.emit (events.js:191:7)
14 verbose stack     at maybeClose (internal/child_process.js:920:16)
14 verbose stack     at Process.ChildProcess._handle.onexit (internal/child_process.js:230:5)
15 verbose pkgid react-complete-guide@0.1.0
16 verbose cwd /Users/shahram/Repositories/Udemy-Courses/React16/code-along/section4
17 error Darwin 17.2.0
18 error argv "/Users/shahram/.nvm/versions/node/v6.11.4/bin/node" "/Users/shahram/.nvm/versions/node/v6.11.4/bin/npm" "run" "eject"
19 error node v6.11.4
20 error npm  v3.10.10
21 error code ELIFECYCLE
22 error react-complete-guide@0.1.0 eject: `react-scripts eject`
22 error Exit status 1
23 error Failed at the react-complete-guide@0.1.0 eject script 'react-scripts eject'.
23 error Make sure you have the latest version of node.js and npm installed.
23 error If you do, this is most likely a problem with the react-complete-guide package,
23 error not with npm itself.
23 error Tell the author that this fails on your system:
23 error     react-scripts eject
23 error You can get information on how to open an issue for this project with:
23 error     npm bugs react-complete-guide
23 error Or if that isn't available, you can get their info via:
23 error     npm owner ls react-complete-guide
23 error There is likely additional logging output above.
24 verbose exit [ 1, true ]
